<?xml version="1.0" encoding="UTF-8"?>
<!-- Generated by org.testng.reporters.JUnitReportReporter -->
<testsuite hostname="DESKTOP-QA3UR44" failures="0" tests="3" name="comapnyAdminTest.ContractorTestCases1" time="6.271" errors="1" timestamp="2023-10-06T11:13:43 IST" skipped="2">
  <testcase classname="comapnyAdminTest.ContractorTestCases1" name="Login" time="6.271">
    <error message="session not created: This version of ChromeDriver only supports Chrome version 114
Current browser version is 117.0.5938.150 with binary path C:\Program Files\Google\Chrome\Application\chrome.exe
Build info: version: &#039;3.141.0&#039;, revision: &#039;2ecb7d9a&#039;, time: &#039;2018-10-31T20:09:30&#039;
System info: host: &#039;DESKTOP-QA3UR44&#039;, ip: &#039;192.168.1.101&#039;, os.name: &#039;Windows 10&#039;, os.arch: &#039;amd64&#039;, os.version: &#039;10.0&#039;, java.version: &#039;20.0.1&#039;
Driver info: driver.version: ChromeDriver
remote stacktrace: Backtrace:
	GetHandleVerifier [0x005BA813+48355]
	(No symbol) [0x0054C4B1]
	(No symbol) [0x00455358]
	(No symbol) [0x004761AC]
	(No symbol) [0x00471EF3]
	(No symbol) [0x00470579]
	(No symbol) [0x004A0C55]
	(No symbol) [0x004A093C]
	(No symbol) [0x0049A536]
	(No symbol) [0x004782DC]
	(No symbol) [0x004793DD]
	GetHandleVerifier [0x0081AABD+2539405]
	GetHandleVerifier [0x0085A78F+2800735]
	GetHandleVerifier [0x0085456C+2775612]
	GetHandleVerifier [0x006451E0+616112]
	(No symbol) [0x00555F8C]
	(No symbol) [0x00552328]
	(No symbol) [0x0055240B]
	(No symbol) [0x00544FF7]
	BaseThreadInitThunk [0x76A4FCC9+25]
	RtlGetAppContainerNamedObjectPath [0x779A7B1E+286]
	RtlGetAppContainerNamedObjectPath [0x779A7AEE+238]
" type="org.openqa.selenium.SessionNotCreatedException">
      <![CDATA[org.openqa.selenium.SessionNotCreatedException: session not created: This version of ChromeDriver only supports Chrome version 114
Current browser version is 117.0.5938.150 with binary path C:\Program Files\Google\Chrome\Application\chrome.exe
Build info: version: '3.141.0', revision: '2ecb7d9a', time: '2018-10-31T20:09:30'
System info: host: 'DESKTOP-QA3UR44', ip: '192.168.1.101', os.name: 'Windows 10', os.arch: 'amd64', os.version: '10.0', java.version: '20.0.1'
Driver info: driver.version: ChromeDriver
remote stacktrace: Backtrace:
GetHandleVerifier [0x005BA813+48355]
(No symbol) [0x0054C4B1]
(No symbol) [0x00455358]
(No symbol) [0x004761AC]
(No symbol) [0x00471EF3]
(No symbol) [0x00470579]
(No symbol) [0x004A0C55]
(No symbol) [0x004A093C]
(No symbol) [0x0049A536]
(No symbol) [0x004782DC]
(No symbol) [0x004793DD]
GetHandleVerifier [0x0081AABD+2539405]
GetHandleVerifier [0x0085A78F+2800735]
GetHandleVerifier [0x0085456C+2775612]
GetHandleVerifier [0x006451E0+616112]
(No symbol) [0x00555F8C]
(No symbol) [0x00552328]
(No symbol) [0x0055240B]
(No symbol) [0x00544FF7]
BaseThreadInitThunk [0x76A4FCC9+25]
RtlGetAppContainerNamedObjectPath [0x779A7B1E+286]
RtlGetAppContainerNamedObjectPath [0x779A7AEE+238]

at java.base/jdk.internal.reflect.DirectConstructorHandleAccessor.newInstance(DirectConstructorHandleAccessor.java:67)
at java.base/java.lang.reflect.Constructor.newInstanceWithCaller(Constructor.java:500)
at java.base/java.lang.reflect.Constructor.newInstance(Constructor.java:484)
at org.openqa.selenium.remote.W3CHandshakeResponse.lambda$errorHandler$0(W3CHandshakeResponse.java:62)
at org.openqa.selenium.remote.HandshakeResponse.lambda$getResponseFunction$0(HandshakeResponse.java:30)
at org.openqa.selenium.remote.ProtocolHandshake.lambda$createSession$0(ProtocolHandshake.java:123)
at java.base/java.util.stream.ReferencePipeline$3$1.accept(ReferencePipeline.java:197)
at java.base/java.util.Spliterators$ArraySpliterator.tryAdvance(Spliterators.java:1016)
at java.base/java.util.stream.ReferencePipeline.forEachWithCancel(ReferencePipeline.java:129)
at java.base/java.util.stream.AbstractPipeline.copyIntoWithCancel(AbstractPipeline.java:527)
at java.base/java.util.stream.AbstractPipeline.copyInto(AbstractPipeline.java:513)
at java.base/java.util.stream.AbstractPipeline.wrapAndCopyInto(AbstractPipeline.java:499)
at java.base/java.util.stream.FindOps$FindOp.evaluateSequential(FindOps.java:150)
at java.base/java.util.stream.AbstractPipeline.evaluate(AbstractPipeline.java:234)
at java.base/java.util.stream.ReferencePipeline.findFirst(ReferencePipeline.java:647)
at org.openqa.selenium.remote.ProtocolHandshake.createSession(ProtocolHandshake.java:125)
at org.openqa.selenium.remote.ProtocolHandshake.createSession(ProtocolHandshake.java:74)
at org.openqa.selenium.remote.HttpCommandExecutor.execute(HttpCommandExecutor.java:136)
at org.openqa.selenium.remote.service.DriverCommandExecutor.execute(DriverCommandExecutor.java:83)
at org.openqa.selenium.remote.RemoteWebDriver.execute(RemoteWebDriver.java:552)
at org.openqa.selenium.remote.RemoteWebDriver.startSession(RemoteWebDriver.java:213)
at org.openqa.selenium.remote.RemoteWebDriver.<init>(RemoteWebDriver.java:131)
at org.openqa.selenium.chrome.ChromeDriver.<init>(ChromeDriver.java:181)
at org.openqa.selenium.chrome.ChromeDriver.<init>(ChromeDriver.java:168)
at org.openqa.selenium.chrome.ChromeDriver.<init>(ChromeDriver.java:123)
at login.Login.BrowserSetup(Login.java:21)
at comapnyAdminTest.ContractorTestCases1.Login(ContractorTestCases1.java:76)
at java.base/jdk.internal.reflect.DirectMethodHandleAccessor.invoke(DirectMethodHandleAccessor.java:104)
at java.base/java.lang.reflect.Method.invoke(Method.java:578)
at org.testng.internal.invokers.MethodInvocationHelper.invokeMethod(MethodInvocationHelper.java:139)
at org.testng.internal.invokers.MethodInvocationHelper.invokeMethodConsideringTimeout(MethodInvocationHelper.java:69)
at org.testng.internal.invokers.ConfigInvoker.invokeConfigurationMethod(ConfigInvoker.java:361)
at org.testng.internal.invokers.ConfigInvoker.invokeConfigurations(ConfigInvoker.java:296)
at org.testng.internal.invokers.TestInvoker.runConfigMethods(TestInvoker.java:816)
at org.testng.internal.invokers.TestInvoker.invokeMethod(TestInvoker.java:590)
at org.testng.internal.invokers.TestInvoker.invokeTestMethod(TestInvoker.java:221)
at org.testng.internal.invokers.MethodRunner.runInSequence(MethodRunner.java:50)
at org.testng.internal.invokers.TestInvoker$MethodInvocationAgent.invoke(TestInvoker.java:962)
at org.testng.internal.invokers.TestInvoker.invokeTestMethods(TestInvoker.java:194)
at org.testng.internal.invokers.TestMethodWorker.invokeTestMethods(TestMethodWorker.java:148)
at org.testng.internal.invokers.TestMethodWorker.run(TestMethodWorker.java:128)
at java.base/java.util.ArrayList.forEach(ArrayList.java:1511)
at org.testng.TestRunner.privateRun(TestRunner.java:806)
at org.testng.TestRunner.run(TestRunner.java:601)
at org.testng.SuiteRunner.runTest(SuiteRunner.java:433)
at org.testng.SuiteRunner.runSequentially(SuiteRunner.java:427)
at org.testng.SuiteRunner.privateRun(SuiteRunner.java:387)
at org.testng.SuiteRunner.run(SuiteRunner.java:330)
at org.testng.SuiteRunnerWorker.runSuite(SuiteRunnerWorker.java:52)
at org.testng.SuiteRunnerWorker.run(SuiteRunnerWorker.java:95)
at org.testng.TestNG.runSuitesSequentially(TestNG.java:1256)
at org.testng.TestNG.runSuitesLocally(TestNG.java:1176)
at org.testng.TestNG.runSuites(TestNG.java:1099)
at org.testng.TestNG.run(TestNG.java:1067)
at org.testng.remote.AbstractRemoteTestNG.run(AbstractRemoteTestNG.java:115)
at org.testng.remote.RemoteTestNG.initAndRun(RemoteTestNG.java:251)
at org.testng.remote.RemoteTestNG.main(RemoteTestNG.java:77)
]]>
    </error>
  </testcase> <!-- Login -->
  <system-out/>
  <testcase classname="comapnyAdminTest.ContractorTestCases1" name="DashboardCountGridCount1" time="0.000">
    <skipped/>
  </testcase> <!-- DashboardCountGridCount1 -->
  <system-out/>
  <testcase classname="comapnyAdminTest.ContractorTestCases1" name="UpcomingAuditExcelCountGridCount1" time="0.000">
    <skipped/>
  </testcase> <!-- UpcomingAuditExcelCountGridCount1 -->
  <system-out/>
</testsuite> <!-- comapnyAdminTest.ContractorTestCases1 -->
